# JRE version: OpenJDK Runtime Environment Corretto-21.0.11.10.1 (21.0.11+10) (build 21.0.11+10-LTS)
# Java VM: OpenJDK 64-Bit Server VM Corretto-21.0.11.10.1 (21.0.11+10-LTS, mixed mode, sharing, tiered, compressed oops, compressed class ptrs, g1 gc, windows-amd64)
GC Precious Log:
 CardTable entry size: 512
 Card Set container configuration: InlinePtr #cards 4 size 8 Array Of Cards #cards 16 size 48 Howl #buckets 8 coarsen threshold 3686 Howl Bitmap #cards 512 size 80 coarsen threshold 460 Card regions per heap region 1 cards per card region 4096
 CPUs: 8 total, 8 available
 Memory: 7963M
 Large Page Support: Disabled
 NUMA Support: Disabled
 Compressed Oops: Enabled (Zero based)
 Heap Region Size: 2M
 Heap Min Capacity: 8M
 Heap Initial Capacity: 126M
 Heap Max Capacity: 4G
 Pre-touch: Disabled
 Parallel Workers: 8
 Concurrent Workers: 2
 Concurrent Refinement Workers: 8
 Periodic GC: Disabled
Heap:
 garbage-first heap   total 131072K, used 102574K [0x0000000700000000, 0x0000000800000000)
  region size 2048K, 14 young (28672K), 2 survivors (4096K)
 Metaspace       used 77710K, committed 80000K, reserved 1179648K
  class space    used 10970K, committed 12160K, reserved 1048576K
GC Heap History (20 events):
Event: 26.160 GC heap before
{Heap before GC invocations=12 (full 0):
 garbage-first heap   total 104448K, used 86958K [0x0000000700000000, 0x0000000800000000)
  region size 2048K, 23 young (47104K), 3 survivors (6144K)
 Metaspace       used 48482K, committed 50304K, reserved 1114112K
  class space    used 6908K, committed 7808K, reserved 1048576K
}
Event: 26.176 GC heap after
{Heap after GC invocations=13 (full 0):
 garbage-first heap   total 104448K, used 52870K [0x0000000700000000, 0x0000000800000000)
  region size 2048K, 3 young (6144K), 3 survivors (6144K)
 Metaspace       used 48482K, committed 50304K, reserved 1114112K
  class space    used 6908K, committed 7808K, reserved 1048576K
}
Event: 27.205 GC heap before
{Heap before GC invocations=13 (full 0):
 garbage-first heap   total 104448K, used 85638K [0x0000000700000000, 0x0000000800000000)
  region size 2048K, 20 young (40960K), 3 survivors (6144K)
 Metaspace       used 52069K, committed 53824K, reserved 1114112K
  class space    used 7389K, committed 8256K, reserved 1048576K
}
Event: 27.213 GC heap after
{Heap after GC invocations=14 (full 0):
 garbage-first heap   total 104448K, used 54512K [0x0000000700000000, 0x0000000800000000)
  region size 2048K, 1 young (2048K), 1 survivors (2048K)
 Metaspace       used 52069K, committed 53824K, reserved 1114112K
  class space    used 7389K, committed 8256K, reserved 1048576K
}
Event: 28.788 GC heap before
{Heap before GC invocations=15 (full 0):
 garbage-first heap   total 104448K, used 91376K [0x0000000700000000, 0x0000000800000000)
  region size 2048K, 19 young (38912K), 1 survivors (2048K)
 Metaspace       used 55400K, committed 57408K, reserved 1114112K
  class space    used 7907K, committed 8960K, reserved 1048576K
}
Event: 28.796 GC heap after
{Heap after GC invocations=16 (full 0):
 garbage-first heap   total 104448K, used 58576K [0x0000000700000000, 0x0000000800000000)
  region size 2048K, 3 young (6144K), 3 survivors (6144K)
 Metaspace       used 55400K, committed 57408K, reserved 1114112K
  class space    used 7907K, committed 8960K, reserved 1048576K
}
Event: 30.207 GC heap before
{Heap before GC invocations=16 (full 0):
 garbage-first heap   total 104448K, used 91344K [0x0000000700000000, 0x0000000800000000)
  region size 2048K, 19 young (38912K), 3 survivors (6144K)
 Metaspace       used 57564K, committed 59648K, reserved 1114112K
  class space    used 8259K, committed 9344K, reserved 1048576K
}
Event: 30.221 GC heap after
{Heap after GC invocations=17 (full 0):
 garbage-first heap   total 106496K, used 61863K [0x0000000700000000, 0x0000000800000000)
  region size 2048K, 3 young (6144K), 3 survivors (6144K)
 Metaspace       used 57564K, committed 59648K, reserved 1114112K
  class space    used 8259K, committed 9344K, reserved 1048576K
}
Event: 31.770 GC heap before
{Heap before GC invocations=17 (full 0):
 garbage-first heap   total 106496K, used 88487K [0x0000000700000000, 0x0000000800000000)
  region size 2048K, 17 young (34816K), 3 survivors (6144K)
 Metaspace       used 61477K, committed 63744K, reserved 1114112K
  class space    used 9013K, committed 10176K, reserved 1048576K
}
Event: 31.782 GC heap after
{Heap after GC invocations=18 (full 0):
 garbage-first heap   total 106496K, used 64319K [0x0000000700000000, 0x0000000800000000)
  region size 2048K, 2 young (4096K), 2 survivors (4096K)
 Metaspace       used 61477K, committed 63744K, reserved 1114112K
  class space    used 9013K, committed 10176K, reserved 1048576K
}
Event: 34.049 GC heap before
{Heap before GC invocations=19 (full 0):
 garbage-first heap   total 112640K, used 92991K [0x0000000700000000, 0x0000000800000000)
  region size 2048K, 16 young (32768K), 2 survivors (4096K)
 Metaspace       used 62927K, committed 65152K, reserved 1114112K
  class space    used 9299K, committed 10432K, reserved 1048576K
}
Event: 34.059 GC heap after
{Heap after GC invocations=20 (full 0):
 garbage-first heap   total 112640K, used 66621K [0x0000000700000000, 0x0000000800000000)
  region size 2048K, 2 young (4096K), 2 survivors (4096K)
 Metaspace       used 62927K, committed 65152K, reserved 1114112K
  class space    used 9299K, committed 10432K, reserved 1048576K
}
Event: 35.627 GC heap before
{Heap before GC invocations=20 (full 0):
 garbage-first heap   total 112640K, used 99389K [0x0000000700000000, 0x0000000800000000)
  region size 2048K, 19 young (38912K), 2 survivors (4096K)
 Metaspace       used 64239K, committed 66432K, reserved 1114112K
  class space    used 9436K, committed 10560K, reserved 1048576K
}
Event: 35.643 GC heap after
{Heap after GC invocations=21 (full 0):
 garbage-first heap   total 112640K, used 69989K [0x0000000700000000, 0x0000000800000000)
  region size 2048K, 3 young (6144K), 3 survivors (6144K)
 Metaspace       used 64239K, committed 66432K, reserved 1114112K
  class space    used 9436K, committed 10560K, reserved 1048576K
}
Event: 36.975 GC heap before
{Heap before GC invocations=21 (full 0):
 garbage-first heap   total 112640K, used 96613K [0x0000000700000000, 0x0000000800000000)
  region size 2048K, 18 young (36864K), 3 survivors (6144K)
 Metaspace       used 66945K, committed 69184K, reserved 1114112K
  class space    used 9745K, committed 10880K, reserved 1048576K
}
Event: 36.984 GC heap after
{Heap after GC invocations=22 (full 0):
 garbage-first heap   total 112640K, used 73006K [0x0000000700000000, 0x0000000800000000)
  region size 2048K, 2 young (4096K), 2 survivors (4096K)
 Metaspace       used 66945K, committed 69184K, reserved 1114112K
  class space    used 9745K, committed 10880K, reserved 1048576K
}
Event: 37.988 GC heap before
{Heap before GC invocations=23 (full 0):
 garbage-first heap   total 131072K, used 103726K [0x0000000700000000, 0x0000000800000000)
  region size 2048K, 16 young (32768K), 2 survivors (4096K)
 Metaspace       used 72009K, committed 74176K, reserved 1114112K
  class space    used 10272K, committed 11392K, reserved 1048576K
}
Event: 37.994 GC heap after
{Heap after GC invocations=24 (full 0):
 garbage-first heap   total 131072K, used 78904K [0x0000000700000000, 0x0000000800000000)
  region size 2048K, 1 young (2048K), 1 survivors (2048K)
 Metaspace       used 72009K, committed 74176K, reserved 1114112K
  class space    used 10272K, committed 11392K, reserved 1048576K
}
Event: 41.357 GC heap before
{Heap before GC invocations=24 (full 0):
 garbage-first heap   total 131072K, used 115768K [0x0000000700000000, 0x0000000800000000)
  region size 2048K, 19 young (38912K), 1 survivors (2048K)
 Metaspace       used 77007K, committed 79296K, reserved 1179648K
  class space    used 10898K, committed 12032K, reserved 1048576K
}
Event: 41.366 GC heap after
{Heap after GC invocations=25 (full 0):
 garbage-first heap   total 131072K, used 80046K [0x0000000700000000, 0x0000000800000000)
  region size 2048K, 2 young (4096K), 2 survivors (4096K)
 Metaspace       used 77007K, committed 79296K, reserved 1179648K
  class space    used 10898K, committed 12032K, reserved 1048576K
}

